{
  "0 debug pnpm:scope": {
    "selected": 1
  },
  "1 debug pnpm:package-manifest": {
    "initial": {
      "name": "progress",
      "version": "0.0.1",
      "scripts": {
        "dev": "svelte-kit dev",
        "build": "svelte-kit build",
        "package": "svelte-kit package",
        "preview": "svelte-kit preview",
        "prepare": "svelte-kit sync",
        "check": "svelte-check --tsconfig ./tsconfig.json",
        "check:watch": "svelte-check --tsconfig ./tsconfig.json --watch",
        "lint": "prettier --ignore-path .gitignore --check --plugin-search-dir=. . && eslint --ignore-path .gitignore .",
        "format": "prettier --ignore-path .gitignore --write --plugin-search-dir=. ."
      },
      "devDependencies": {
        "@sveltejs/adapter-auto": "next",
        "@sveltejs/kit": "next",
        "@typescript-eslint/eslint-plugin": "^5.10.1",
        "@typescript-eslint/parser": "^5.10.1",
        "eslint": "^8.12.0",
        "eslint-config-prettier": "^8.3.0",
        "eslint-plugin-svelte3": "^4.0.0",
        "prettier": "^2.5.1",
        "prettier-plugin-svelte": "^2.5.0",
        "svelte": "^3.44.0",
        "svelte-check": "^2.2.6",
        "svelte-preprocess": "^4.10.1",
        "tslib": "^2.3.1",
        "typescript": "~4.6.2"
      },
      "type": "module"
    },
    "prefix": "/home/tigerqa/coding/typescript/svelte/sveltekit/Progress"
  },
  "2 debug pnpm:context": {
    "currentLockfileExists": false,
    "storeDir": "/home/tigerqa/.local/share/pnpm/store/v3",
    "virtualStoreDir": "/home/tigerqa/coding/typescript/svelte/sveltekit/Progress/node_modules/.pnpm"
  },
  "3 debug pnpm:stage": {
    "prefix": "/home/tigerqa/coding/typescript/svelte/sveltekit/Progress",
    "stage": "resolution_started"
  },
  "4 debug pnpm:_dependency_resolved": {
    "resolution": "registry.npmjs.org/eslint-config-prettier/8.5.0",
    "wanted": {
      "dependentId": ".",
      "name": "eslint-config-prettier",
      "rawSpec": "^8.3.0"
    }
  },
  "5 debug pnpm:progress": {
    "packageId": "registry.npmjs.org/eslint-config-prettier/8.5.0",
    "requester": "/home/tigerqa/coding/typescript/svelte/sveltekit/Progress",
    "status": "resolved"
  },
  "6 debug pnpm:progress": {
    "packageId": "registry.npmjs.org/eslint-config-prettier/8.5.0",
    "requester": "/home/tigerqa/coding/typescript/svelte/sveltekit/Progress",
    "status": "found_in_store"
  },
  "7 debug pnpm:_dependency_resolved": {
    "resolution": "registry.npmjs.org/tslib/2.4.0",
    "wanted": {
      "dependentId": ".",
      "name": "tslib",
      "rawSpec": "^2.3.1"
    }
  },
  "8 debug pnpm:progress": {
    "packageId": "registry.npmjs.org/tslib/2.4.0",
    "requester": "/home/tigerqa/coding/typescript/svelte/sveltekit/Progress",
    "status": "resolved"
  },
  "9 debug pnpm:progress": {
    "packageId": "registry.npmjs.org/tslib/2.4.0",
    "requester": "/home/tigerqa/coding/typescript/svelte/sveltekit/Progress",
    "status": "found_in_store"
  },
  "10 debug pnpm:_dependency_resolved": {
    "resolution": "registry.npmjs.org/prettier/2.6.2",
    "wanted": {
      "dependentId": ".",
      "name": "prettier",
      "rawSpec": "^2.5.1"
    }
  },
  "11 debug pnpm:progress": {
    "packageId": "registry.npmjs.org/prettier/2.6.2",
    "requester": "/home/tigerqa/coding/typescript/svelte/sveltekit/Progress",
    "status": "resolved"
  },
  "12 debug pnpm:_dependency_resolved": {
    "resolution": "registry.npmjs.org/eslint/8.15.0",
    "wanted": {
      "dependentId": ".",
      "name": "eslint",
      "rawSpec": "^8.12.0"
    }
  },
  "13 debug pnpm:progress": {
    "packageId": "registry.npmjs.org/eslint/8.15.0",
    "requester": "/home/tigerqa/coding/typescript/svelte/sveltekit/Progress",
    "status": "resolved"
  },
  "14 debug pnpm:fetching-progress": {
    "attempt": 1,
    "packageId": "registry.npmjs.org/prettier/2.6.2",
    "size": 4156871,
    "status": "started"
  },
  "15 debug pnpm:_dependency_resolved": {
    "resolution": "registry.npmjs.org/svelte-preprocess/4.10.6",
    "wanted": {
      "dependentId": ".",
      "name": "svelte-preprocess",
      "rawSpec": "^4.10.1"
    }
  },
  "16 debug pnpm:progress": {
    "packageId": "registry.npmjs.org/svelte-preprocess/4.10.6",
    "requester": "/home/tigerqa/coding/typescript/svelte/sveltekit/Progress",
    "status": "resolved"
  },
  "17 debug pnpm:progress": {
    "packageId": "registry.npmjs.org/svelte-preprocess/4.10.6",
    "requester": "/home/tigerqa/coding/typescript/svelte/sveltekit/Progress",
    "status": "found_in_store"
  },
  "18 warn pnpm:install-check": {
    "message": "Unsupported engine for registry.npmjs.org/@sveltejs/kit/1.0.0-next.336: wanted: {\"node\":\">=16\"} (current: {\"node\":\"v14.17.0\",\"pnpm\":\"7.1.2\"})",
    "prefix": "/home/tigerqa/coding/typescript/svelte/sveltekit/Progress"
  },
  "19 error pnpm": {
    "code": "ERR_PNPM_UNSUPPORTED_ENGINE",
    "packageId": "registry.npmjs.org/@sveltejs/kit/1.0.0-next.336",
    "wanted": {
      "node": ">=16"
    },
    "current": {
      "node": "v14.17.0",
      "pnpm": "7.1.2"
    },
    "pkgsStack": [],
    "err": {
      "name": "pnpm",
      "message": "Unsupported engine for registry.npmjs.org/@sveltejs/kit/1.0.0-next.336: wanted: {\"node\":\">=16\"} (current: {\"node\":\"v14.17.0\",\"pnpm\":\"7.1.2\"})",
      "code": "ERR_PNPM_UNSUPPORTED_ENGINE",
      "stack": "pnpm: Unsupported engine for registry.npmjs.org/@sveltejs/kit/1.0.0-next.336: wanted: {\"node\":\">=16\"} (current: {\"node\":\"v14.17.0\",\"pnpm\":\"7.1.2\"})\n    at checkEngine (/snapshot/dist/pnpm.cjs)\n    at checkPackage (/snapshot/dist/pnpm.cjs)\n    at packageIsInstallable (/snapshot/dist/pnpm.cjs)\n    at resolveAndFetch (/snapshot/dist/pnpm.cjs)\n    at processTicksAndRejections (internal/process/task_queues.js:95:5)\n    at async resolveDependency (/snapshot/dist/pnpm.cjs)\n    at async resolveDependenciesOfDependency (/snapshot/dist/pnpm.cjs)\n    at async Promise.all (index 1)\n    at async resolveDependencies (/snapshot/dist/pnpm.cjs)\n    at async /snapshot/dist/pnpm.cjs"
    }
  },
  "20 debug pnpm:fetching-progress": {
    "attempt": 1,
    "packageId": "registry.npmjs.org/eslint/8.15.0",
    "size": 501168,
    "status": "started"
  }
}